<?xml version="1.0" encoding="UTF-8"?>
<testng-results skipped="0" failed="0" total="1" passed="1">
  <reporter-output>
  </reporter-output>
  <suite name="Default suite" duration-ms="50121" started-at="2020-09-30T05:28:31Z" finished-at="2020-09-30T05:29:21Z">
    <groups>
    </groups>
    <test name="Default test" duration-ms="50121" started-at="2020-09-30T05:28:31Z" finished-at="2020-09-30T05:29:21Z">
      <class name="TestCasefailedSuite.runner">
        <test-method status="PASS" signature="FailedTest()[pri:0, instance:TestCasefailedSuite.runner@2b98378d]" name="FailedTest" duration-ms="50020" started-at="2020-09-30T10:58:31Z" finished-at="2020-09-30T10:59:21Z">
          <reporter-output>
          </reporter-output>
        </test-method> <!-- FailedTest -->
      </class> <!-- TestCasefailedSuite.runner -->
    </test> <!-- Default test -->
  </suite> <!-- Default suite -->
</testng-results>
