<?xml version="1.0" encoding="UTF-8"?>
<!-- Generated by org.testng.reporters.JUnitXMLReporter -->
<testsuite hostname="DESKTOP-17JJ3GD" name="Default test(failed)(failed)" tests="1" failures="1" timestamp="29 Sep 2020 06:38:50 GMT" time="56.687" errors="0">
  <testcase name="loginpage2" time="0.019" classname="com.Redbus.TestCases.LoginTestRedbus">
    <failure type="java.lang.NullPointerException">
      <![CDATA[java.lang.NullPointerException
	at com.Redbus.TestCases.LoginTestRedbus.loginpage2(LoginTestRedbus.java:48)
	at TestCasefailedSuite.runner.main(runner.java:22)
... Removed 22 stack frames]]>
    </failure>
  </testcase> <!-- loginpage2 -->
</testsuite> <!-- Default test(failed)(failed) -->
